============================================================
Time  2023/06/27 01:14:29 991 
============================================================
[2023/06/27 01:14:29 994] isr_1conn  2234 SYS_MSG_LOAD_CLOUD  
[2023/06/27 01:14:30 003] isr_1conn  2255 SYS_MSG_REGCB_CLOUD param0 =   msp_status_cb  param1 =  func(4c06cad0) 
[2023/06/27 01:14:30 015] isr_1conn  2255 SYS_MSG_REGCB_CLOUD param0 =   cloud_rslt_cb  param1 =  func(4c06e450) 
[2023/06/27 01:14:30 037] isr_1conn  2255 SYS_MSG_REGCB_CLOUD param0 =   cloud_err_cb  param1 =  func(4c06e5a0) 
[2023/06/27 01:14:30 047] isr_1conn  2255 SYS_MSG_REGCB_CLOUD param0 =   cloud_status_cb  param1 =  func(4c06e680) 
[2023/06/27 01:14:30 064] isr_1conn  1411 onesoc  
[2023/06/27 01:14:30 065] isr_1conn  1412 ASR_CLOUD_MSG_SSB  
[2023/06/27 01:14:30 074] isr_1conn  1427 isr_1conn  cloud_cisr1PdHHBHvsKKIHNQqaa1-La8VuCtwuu  268436457  1573471853  
[2023/06/27 01:14:30 076] isr_1conn  1497 req_lgi_id =  nil  
[2023/06/27 01:14:30 077] isr_1conn  1498 not login!  
[2023/06/27 01:14:30 087] isr_1conn  1631 nil  
[2023/06/27 01:14:30 091] isr_1conn  1697 speex-wb  
[2023/06/27 01:14:30 093] isr_1conn  1785 net_once_bytes  nil  
[2023/06/27 01:14:30 095] isr_1conn  1790 need_encode  true  
[2023/06/27 01:14:30 098] isr_1conn  1792 once bytes  122  
[2023/06/27 01:14:30 112] isr_1conn  1816 User set url is   nil  
[2023/06/27 01:14:30 115] transport  645  paramkvsport is   nil  
[2023/06/27 01:14:30 116] transport  657  ns_enable=  1  
[2023/06/27 01:14:30 119] transport  659  2017-08--24 is_ns_need_close =   nil  
[2023/06/27 01:14:30 125] transport  665  net.nettype=  unknown  
[2023/06/27 01:14:30 128] transport  675  url.full=  nil  
[2023/06/27 01:14:30 130] transport  680  server_url_host=, server_url_port=, server_url_path=  open.xf-yun.com  nil  /msp.do  
[2023/06/27 01:14:30 133] transport  907  net type:  unknown  
[2023/06/27 01:14:30 136] transport  908  net operator:  def  
[2023/06/27 01:14:30 138] transport  909  use proxy:  false  
[2023/06/27 01:14:30 141] transport  1105 session.domain=  open.xf-yun.com  
[2023/06/27 01:14:30 144] transport  1106 url.host=  open.xf-yun.com  
[2023/06/27 01:14:30 147] network    90   ipfromenv ,  ipcache  open.xf-yun.com  def  nil  
[2023/06/27 01:14:30 149] transport  1179 try preferred port:  nil  
[2023/06/27 01:14:30 151] transport  1083 NAMESERVER START  
[2023/06/27 01:14:30 154] transport  1086 name =   iat  
[2023/06/27 01:14:30 156] ns         634  ntt=  unknown  
[2023/06/27 01:14:30 159] transport  1089 trans,ns_inprog =  0  
[2023/06/27 01:14:30 160] ns         582  name server start  
[2023/06/27 01:14:30 163] ns         588  ns_sub =   iat  
[2023/06/27 01:14:30 166] ns         596  ns_host =   open.xf-yun.com  
[2023/06/27 01:14:30 169] ns         475  ns_host=  open.xf-yun.com  
[2023/06/27 01:14:30 174] ns         555  net_type =  standard  
[2023/06/27 01:14:30 176] ns         556  cmwapascmnet =  
[2023/06/27 01:14:30 178] ns         557  uniwapasuninet =  
[2023/06/27 01:14:30 183] ns         558  ctwapasctnet =  
[2023/06/27 01:14:30 188] ns         576  host=  hdns.xf-yun.com  
[2023/06/27 01:14:30 190] network    263  gethostbyname  hdns.xf-yun.com  ns1  
[2023/06/27 01:14:30 198] isr_1conn  2060 ASR_CLOUD_MSG_SSE  
[2023/06/27 01:14:30 223] isr_1conn  1276 isr_1conn session info  
[2023/06/27 01:14:30 260] isr_1conn  2203 session finished! ret =   10131  
