============================================================
Time  2023/06/27 01:52:42 200 
============================================================
[2023/06/27 01:52:42 208] isr_1conn  2234 SYS_MSG_LOAD_CLOUD  
[2023/06/27 01:52:42 225] isr_1conn  2255 SYS_MSG_REGCB_CLOUD param0 =   msp_status_cb  param1 =  func(3406cae0) 
[2023/06/27 01:52:42 237] isr_1conn  2255 SYS_MSG_REGCB_CLOUD param0 =   cloud_rslt_cb  param1 =  func(3406e440) 
[2023/06/27 01:52:42 242] isr_1conn  2255 SYS_MSG_REGCB_CLOUD param0 =   cloud_err_cb  param1 =  func(3406e590) 
[2023/06/27 01:52:42 245] isr_1conn  2255 SYS_MSG_REGCB_CLOUD param0 =   cloud_status_cb  param1 =  func(3406e670) 
[2023/06/27 01:52:42 255] isr_1conn  1411 onesoc  
[2023/06/27 01:52:42 260] isr_1conn  1412 ASR_CLOUD_MSG_SSB  
[2023/06/27 01:52:42 268] isr_1conn  1427 isr_1conn  cloud_cisr1PdHHBHvs2uXnU5-aau0V5s9uc8PnS  268436457  1573471853  
[2023/06/27 01:52:42 269] isr_1conn  1497 req_lgi_id =  nil  
[2023/06/27 01:52:42 271] isr_1conn  1498 not login!  
[2023/06/27 01:52:42 282] isr_1conn  1631 nil  
[2023/06/27 01:52:42 284] isr_1conn  1697 speex-wb  
[2023/06/27 01:52:42 289] isr_1conn  1785 net_once_bytes  nil  
[2023/06/27 01:52:42 298] isr_1conn  1790 need_encode  true  
[2023/06/27 01:52:42 299] isr_1conn  1792 once bytes  122  
[2023/06/27 01:52:42 305] isr_1conn  1816 User set url is   nil  
[2023/06/27 01:52:42 309] transport  645  paramkvsport is   nil  
[2023/06/27 01:52:42 309] transport  657  ns_enable=  1  
[2023/06/27 01:52:42 310] transport  659  2017-08--24 is_ns_need_close =   nil  
[2023/06/27 01:52:42 311] transport  665  net.nettype=  unknown  
[2023/06/27 01:52:42 312] transport  675  url.full=  nil  
[2023/06/27 01:52:42 314] transport  680  server_url_host=, server_url_port=, server_url_path=  open.xf-yun.com  nil  /msp.do  
[2023/06/27 01:52:42 316] transport  907  net type:  unknown  
[2023/06/27 01:52:42 317] transport  908  net operator:  def  
[2023/06/27 01:52:42 318] transport  909  use proxy:  false  
[2023/06/27 01:52:42 319] transport  1105 session.domain=  open.xf-yun.com  
[2023/06/27 01:52:42 320] transport  1106 url.host=  open.xf-yun.com  
[2023/06/27 01:52:42 321] transport  1083 NAMESERVER START  
[2023/06/27 01:52:42 322] transport  1086 name =   iat  
[2023/06/27 01:52:42 323] ns         634  ntt=  unknown  
[2023/06/27 01:52:42 324] transport  1089 trans,ns_inprog =  0  
[2023/06/27 01:52:42 325] ns         582  name server start  
[2023/06/27 01:52:42 326] ns         588  ns_sub =   iat  
[2023/06/27 01:52:42 328] ns         596  ns_host =   open.xf-yun.com  
[2023/06/27 01:52:42 329] ns         475  ns_host=  open.xf-yun.com  
[2023/06/27 01:52:42 329] ns         555  net_type =  standard  
[2023/06/27 01:52:42 330] ns         556  cmwapascmnet =  
[2023/06/27 01:52:42 331] ns         557  uniwapasuninet =  
[2023/06/27 01:52:42 337] ns         558  ctwapasctnet =  
[2023/06/27 01:52:42 338] ns         576  host=  hdns.xf-yun.com  
[2023/06/27 01:52:42 340] network    263  gethostbyname  hdns.xf-yun.com  ns1  
[2023/06/27 01:52:42 353] isr_1conn  2060 ASR_CLOUD_MSG_SSE  
[2023/06/27 01:52:42 366] isr_1conn  1276 isr_1conn session info  
[2023/06/27 01:52:42 414] isr_1conn  2203 session finished! ret =   10131  
