============================================================
Time  2023/06/29 05:36:20 991 
============================================================
[2023/06/29 05:36:21 008] isr_1conn  2234 SYS_MSG_LOAD_CLOUD  
[2023/06/29 05:36:21 028] isr_1conn  2255 SYS_MSG_REGCB_CLOUD param0 =   msp_status_cb  param1 =  func(1406ca60) 
[2023/06/29 05:36:21 044] isr_1conn  2255 SYS_MSG_REGCB_CLOUD param0 =   cloud_rslt_cb  param1 =  func(1406e3c0) 
[2023/06/29 05:36:21 050] isr_1conn  2255 SYS_MSG_REGCB_CLOUD param0 =   cloud_err_cb  param1 =  func(1406e510) 
[2023/06/29 05:36:21 059] isr_1conn  2255 SYS_MSG_REGCB_CLOUD param0 =   cloud_status_cb  param1 =  func(1406e5f0) 
[2023/06/29 05:36:21 065] isr_1conn  1411 onesoc  
[2023/06/29 05:36:21 066] isr_1conn  1412 ASR_CLOUD_MSG_SSB  
[2023/06/29 05:36:21 068] isr_1conn  1427 isr_1conn  cloud_cisr1P1HHBHvOyFdax2o5aaujxkCEwNgB3q  268436457  1573471853  
[2023/06/29 05:36:21 069] isr_1conn  1497 req_lgi_id =  nil  
[2023/06/29 05:36:21 069] isr_1conn  1498 not login!  
[2023/06/29 05:36:21 075] isr_1conn  1631 nil  
[2023/06/29 05:36:21 078] isr_1conn  1697 speex-wb  
[2023/06/29 05:36:21 080] isr_1conn  1785 net_once_bytes  nil  
[2023/06/29 05:36:21 082] isr_1conn  1790 need_encode  true  
[2023/06/29 05:36:21 083] isr_1conn  1792 once bytes  122  
[2023/06/29 05:36:21 112] isr_1conn  1816 User set url is   nil  
[2023/06/29 05:36:21 115] transport  645  paramkvsport is   nil  
[2023/06/29 05:36:21 117] transport  657  ns_enable=  1  
[2023/06/29 05:36:21 118] transport  659  2017-08--24 is_ns_need_close =   nil  
[2023/06/29 05:36:21 120] transport  665  net.nettype=  unknown  
[2023/06/29 05:36:21 121] transport  675  url.full=  nil  
[2023/06/29 05:36:21 124] transport  680  server_url_host=, server_url_port=, server_url_path=  open.xf-yun.com  nil  /msp.do  
[2023/06/29 05:36:21 126] transport  907  net type:  unknown  
[2023/06/29 05:36:21 128] transport  908  net operator:  def  
[2023/06/29 05:36:21 132] transport  909  use proxy:  false  
[2023/06/29 05:36:21 137] transport  1105 session.domain=  open.xf-yun.com  
[2023/06/29 05:36:21 141] transport  1106 url.host=  open.xf-yun.com  
[2023/06/29 05:36:21 144] network    90   ipfromenv ,  ipcache  open.xf-yun.com  def  nil  
[2023/06/29 05:36:21 145] transport  1179 try preferred port:  nil  
[2023/06/29 05:36:21 148] transport  1083 NAMESERVER START  
[2023/06/29 05:36:21 149] transport  1086 name =   iat  
[2023/06/29 05:36:21 151] ns         634  ntt=  unknown  
[2023/06/29 05:36:21 152] transport  1089 trans,ns_inprog =  0  
[2023/06/29 05:36:21 154] ns         582  name server start  
[2023/06/29 05:36:21 156] ns         588  ns_sub =   iat  
[2023/06/29 05:36:21 159] ns         596  ns_host =   open.xf-yun.com  
[2023/06/29 05:36:21 161] ns         475  ns_host=  open.xf-yun.com  
[2023/06/29 05:36:21 163] ns         555  net_type =  standard  
[2023/06/29 05:36:21 168] ns         556  cmwapascmnet =  
[2023/06/29 05:36:21 173] ns         557  uniwapasuninet =  
[2023/06/29 05:36:21 190] ns         558  ctwapasctnet =  
[2023/06/29 05:36:21 198] ns         576  host=  hdns.xf-yun.com  
[2023/06/29 05:36:21 200] network    263  gethostbyname  hdns.xf-yun.com  ns1  
[2023/06/29 05:36:21 212] isr_1conn  2060 ASR_CLOUD_MSG_SSE  
[2023/06/29 05:36:21 220] isr_1conn  1276 isr_1conn session info  
[2023/06/29 05:36:21 321] isr_1conn  2203 session finished! ret =   10131  
