============================================================
Time  2023/06/29 05:16:57 376 
============================================================
[2023/06/29 05:16:57 404] isr_1conn  2234 SYS_MSG_LOAD_CLOUD  
[2023/06/29 05:16:57 410] isr_1conn  2255 SYS_MSG_REGCB_CLOUD param0 =   msp_status_cb  param1 =  func(a006cad0) 
[2023/06/29 05:16:57 419] isr_1conn  2255 SYS_MSG_REGCB_CLOUD param0 =   cloud_rslt_cb  param1 =  func(a006e430) 
[2023/06/29 05:16:57 425] isr_1conn  2255 SYS_MSG_REGCB_CLOUD param0 =   cloud_err_cb  param1 =  func(a006e580) 
[2023/06/29 05:16:57 429] isr_1conn  2255 SYS_MSG_REGCB_CLOUD param0 =   cloud_status_cb  param1 =  func(a006e660) 
[2023/06/29 05:16:57 438] isr_1conn  1411 onesoc  
[2023/06/29 05:16:57 440] isr_1conn  1412 ASR_CLOUD_MSG_SSB  
[2023/06/29 05:16:57 446] isr_1conn  1427 isr_1conn  cloud_cisr1P1HHBHvOyNgaXkjUaamlQ1WE5LV5n7  268436457  1573471853  
[2023/06/29 05:16:57 449] isr_1conn  1497 req_lgi_id =  nil  
[2023/06/29 05:16:57 454] isr_1conn  1498 not login!  
[2023/06/29 05:16:57 463] isr_1conn  1631 nil  
[2023/06/29 05:16:57 466] isr_1conn  1697 speex-wb  
[2023/06/29 05:16:57 467] isr_1conn  1785 net_once_bytes  nil  
[2023/06/29 05:16:57 469] isr_1conn  1790 need_encode  true  
[2023/06/29 05:16:57 476] isr_1conn  1792 once bytes  122  
[2023/06/29 05:16:57 485] isr_1conn  1816 User set url is   nil  
[2023/06/29 05:16:57 486] transport  645  paramkvsport is   nil  
[2023/06/29 05:16:57 487] transport  657  ns_enable=  1  
[2023/06/29 05:16:57 488] transport  659  2017-08--24 is_ns_need_close =   nil  
[2023/06/29 05:16:57 488] transport  665  net.nettype=  unknown  
[2023/06/29 05:16:57 489] transport  675  url.full=  nil  
[2023/06/29 05:16:57 490] transport  680  server_url_host=, server_url_port=, server_url_path=  open.xf-yun.com  nil  /msp.do  
[2023/06/29 05:16:57 491] transport  907  net type:  unknown  
[2023/06/29 05:16:57 492] transport  908  net operator:  def  
[2023/06/29 05:16:57 493] transport  909  use proxy:  false  
[2023/06/29 05:16:57 496] transport  1105 session.domain=  open.xf-yun.com  
[2023/06/29 05:16:57 520] transport  1106 url.host=  open.xf-yun.com  
[2023/06/29 05:16:57 521] transport  1083 NAMESERVER START  
[2023/06/29 05:16:57 522] transport  1086 name =   iat  
[2023/06/29 05:16:57 523] ns         634  ntt=  unknown  
[2023/06/29 05:16:57 524] transport  1089 trans,ns_inprog =  0  
[2023/06/29 05:16:57 525] ns         582  name server start  
[2023/06/29 05:16:57 526] ns         588  ns_sub =   iat  
[2023/06/29 05:16:57 542] ns         596  ns_host =   open.xf-yun.com  
[2023/06/29 05:16:57 544] ns         475  ns_host=  open.xf-yun.com  
[2023/06/29 05:16:57 546] ns         555  net_type =  standard  
[2023/06/29 05:16:57 548] ns         556  cmwapascmnet =  
[2023/06/29 05:16:57 550] ns         557  uniwapasuninet =  
[2023/06/29 05:16:57 552] ns         558  ctwapasctnet =  
[2023/06/29 05:16:57 553] ns         576  host=  hdns.xf-yun.com  
[2023/06/29 05:16:57 555] network    263  gethostbyname  hdns.xf-yun.com  ns1  
[2023/06/29 05:16:57 571] isr_1conn  2060 ASR_CLOUD_MSG_SSE  
[2023/06/29 05:16:57 585] isr_1conn  1276 isr_1conn session info  
[2023/06/29 05:16:57 613] isr_1conn  2203 session finished! ret =   10131  
