============================================================
Time  2023/06/27 01:26:52 958 
============================================================
[2023/06/27 01:26:52 994] isr_1conn  2234 SYS_MSG_LOAD_CLOUD  
[2023/06/27 01:26:53 002] isr_1conn  2255 SYS_MSG_REGCB_CLOUD param0 =   msp_status_cb  param1 =  func(2406cad0) 
[2023/06/27 01:26:53 012] isr_1conn  2255 SYS_MSG_REGCB_CLOUD param0 =   cloud_rslt_cb  param1 =  func(2406e440) 
[2023/06/27 01:26:53 022] isr_1conn  2255 SYS_MSG_REGCB_CLOUD param0 =   cloud_err_cb  param1 =  func(2406e590) 
[2023/06/27 01:26:53 037] isr_1conn  2255 SYS_MSG_REGCB_CLOUD param0 =   cloud_status_cb  param1 =  func(2406e670) 
[2023/06/27 01:26:53 060] isr_1conn  1411 onesoc  
[2023/06/27 01:26:53 067] isr_1conn  1412 ASR_CLOUD_MSG_SSB  
[2023/06/27 01:26:53 070] isr_1conn  1427 isr_1conn  cloud_cisr1PwHHBHvsKUBIeCaaugWHJVBh2a9T  268436457  1573471853  
[2023/06/27 01:26:53 072] isr_1conn  1497 req_lgi_id =  nil  
[2023/06/27 01:26:53 077] isr_1conn  1498 not login!  
[2023/06/27 01:26:53 088] isr_1conn  1631 nil  
[2023/06/27 01:26:53 095] isr_1conn  1697 speex-wb  
[2023/06/27 01:26:53 099] isr_1conn  1785 net_once_bytes  nil  
[2023/06/27 01:26:53 101] isr_1conn  1790 need_encode  true  
[2023/06/27 01:26:53 103] isr_1conn  1792 once bytes  122  
[2023/06/27 01:26:53 114] isr_1conn  1816 User set url is   nil  
[2023/06/27 01:26:53 119] transport  645  paramkvsport is   nil  
[2023/06/27 01:26:53 121] transport  657  ns_enable=  1  
[2023/06/27 01:26:53 126] transport  659  2017-08--24 is_ns_need_close =   nil  
[2023/06/27 01:26:53 129] transport  665  net.nettype=  unknown  
[2023/06/27 01:26:53 131] transport  675  url.full=  nil  
[2023/06/27 01:26:53 137] transport  680  server_url_host=, server_url_port=, server_url_path=  open.xf-yun.com  nil  /msp.do  
[2023/06/27 01:26:53 140] transport  907  net type:  unknown  
[2023/06/27 01:26:53 142] transport  908  net operator:  def  
[2023/06/27 01:26:53 147] transport  909  use proxy:  false  
[2023/06/27 01:26:53 151] transport  1105 session.domain=  open.xf-yun.com  
[2023/06/27 01:26:53 153] transport  1106 url.host=  open.xf-yun.com  
[2023/06/27 01:26:53 158] network    90   ipfromenv ,  ipcache  open.xf-yun.com  def  nil  
[2023/06/27 01:26:53 161] transport  1179 try preferred port:  nil  
[2023/06/27 01:26:53 163] transport  1083 NAMESERVER START  
[2023/06/27 01:26:53 169] transport  1086 name =   iat  
[2023/06/27 01:26:53 171] ns         634  ntt=  unknown  
[2023/06/27 01:26:53 176] transport  1089 trans,ns_inprog =  0  
[2023/06/27 01:26:53 180] ns         582  name server start  
[2023/06/27 01:26:53 182] ns         588  ns_sub =   iat  
[2023/06/27 01:26:53 184] ns         596  ns_host =   open.xf-yun.com  
[2023/06/27 01:26:53 187] ns         475  ns_host=  open.xf-yun.com  
[2023/06/27 01:26:53 192] ns         555  net_type =  standard  
[2023/06/27 01:26:53 195] ns         556  cmwapascmnet =  
[2023/06/27 01:26:53 196] ns         557  uniwapasuninet =  
[2023/06/27 01:26:53 204] ns         558  ctwapasctnet =  
[2023/06/27 01:26:53 209] ns         576  host=  hdns.xf-yun.com  
[2023/06/27 01:26:53 212] network    263  gethostbyname  hdns.xf-yun.com  ns1  
[2023/06/27 01:26:53 236] isr_1conn  2060 ASR_CLOUD_MSG_SSE  
[2023/06/27 01:26:53 270] isr_1conn  1276 isr_1conn session info  
[2023/06/27 01:26:53 330] isr_1conn  2203 session finished! ret =   10131  
