============================================================
Time  2023/06/29 05:35:28 230 
============================================================
[2023/06/29 05:35:28 231] isr_1conn  2234 SYS_MSG_LOAD_CLOUD  
[2023/06/29 05:35:28 234] isr_1conn  2255 SYS_MSG_REGCB_CLOUD param0 =   msp_status_cb  param1 =  func(3c06cae0) 
[2023/06/29 05:35:28 238] isr_1conn  2255 SYS_MSG_REGCB_CLOUD param0 =   cloud_rslt_cb  param1 =  func(3c06e440) 
[2023/06/29 05:35:28 241] isr_1conn  2255 SYS_MSG_REGCB_CLOUD param0 =   cloud_err_cb  param1 =  func(3c06e590) 
[2023/06/29 05:35:28 244] isr_1conn  2255 SYS_MSG_REGCB_CLOUD param0 =   cloud_status_cb  param1 =  func(3c06e670) 
[2023/06/29 05:35:28 249] isr_1conn  1411 onesoc  
[2023/06/29 05:35:28 250] isr_1conn  1412 ASR_CLOUD_MSG_SSB  
[2023/06/29 05:35:28 253] isr_1conn  1427 isr_1conn  cloud_cisr1P1HHBHvOy2EaxjFzaalLLw6c0OW1t6  268436457  1573471853  
[2023/06/29 05:35:28 254] isr_1conn  1497 req_lgi_id =  nil  
[2023/06/29 05:35:28 255] isr_1conn  1498 not login!  
[2023/06/29 05:35:28 260] isr_1conn  1631 nil  
[2023/06/29 05:35:28 264] isr_1conn  1697 speex-wb  
[2023/06/29 05:35:28 266] isr_1conn  1785 net_once_bytes  nil  
[2023/06/29 05:35:28 269] isr_1conn  1790 need_encode  true  
[2023/06/29 05:35:28 275] isr_1conn  1792 once bytes  122  
[2023/06/29 05:35:28 285] isr_1conn  1816 User set url is   nil  
[2023/06/29 05:35:28 287] transport  645  paramkvsport is   nil  
[2023/06/29 05:35:28 289] transport  657  ns_enable=  1  
[2023/06/29 05:35:28 295] transport  659  2017-08--24 is_ns_need_close =   nil  
[2023/06/29 05:35:28 298] transport  665  net.nettype=  unknown  
[2023/06/29 05:35:28 301] transport  675  url.full=  nil  
[2023/06/29 05:35:28 304] transport  680  server_url_host=, server_url_port=, server_url_path=  open.xf-yun.com  nil  /msp.do  
[2023/06/29 05:35:28 305] transport  907  net type:  unknown  
[2023/06/29 05:35:28 308] transport  908  net operator:  def  
[2023/06/29 05:35:28 311] transport  909  use proxy:  false  
[2023/06/29 05:35:28 314] transport  1105 session.domain=  open.xf-yun.com  
[2023/06/29 05:35:28 315] transport  1106 url.host=  open.xf-yun.com  
[2023/06/29 05:35:28 323] network    90   ipfromenv ,  ipcache  open.xf-yun.com  def  nil  
[2023/06/29 05:35:28 325] transport  1179 try preferred port:  80  
[2023/06/29 05:35:28 326] transport  1083 NAMESERVER START  
[2023/06/29 05:35:28 329] transport  1086 name =   iat  
[2023/06/29 05:35:28 331] ns         634  ntt=  unknown  
[2023/06/29 05:35:28 332] transport  1089 trans,ns_inprog =  0  
[2023/06/29 05:35:28 334] ns         582  name server start  
[2023/06/29 05:35:28 336] ns         588  ns_sub =   iat  
[2023/06/29 05:35:28 337] ns         596  ns_host =   open.xf-yun.com  
[2023/06/29 05:35:28 339] ns         475  ns_host=  open.xf-yun.com  
[2023/06/29 05:35:28 341] ns         555  net_type =  standard  
[2023/06/29 05:35:28 342] ns         556  cmwapascmnet =  
[2023/06/29 05:35:28 344] ns         557  uniwapasuninet =  
[2023/06/29 05:35:28 346] ns         558  ctwapasctnet =  
[2023/06/29 05:35:28 347] ns         576  host=  hdns.xf-yun.com  
[2023/06/29 05:35:28 348] network    263  gethostbyname  hdns.xf-yun.com  ns1  
[2023/06/29 05:35:28 352] isr_1conn  2000 ASR_CLOUD_MSG_AUW  16470  5  
[2023/06/29 05:35:28 353] isr_1conn  2011 nil  nil  
[2023/06/29 05:35:28 353] isr_1conn  2046 starttimer status_cb_timeout, timeout is:  3000  
[2023/06/29 05:35:31 349] network    231  dns timeout!  ns1  
[2023/06/29 05:35:31 350] ns         454  ns dns failed, err =   10114  
[2023/06/29 05:35:31 351] network    445  gethttpresp2  42.62.116.18  80  ns2  
[2023/06/29 05:35:31 352] network    465  prot_type  tcp  
[2023/06/29 05:35:31 358] transport  309  [dns] [1] timeout!   
[2023/06/29 05:35:31 359] transport  77   dns_failed  
[2023/06/29 05:35:31 363] network    90   ipfromenv ,  ipcache  open.xf-yun.com  def  nil  
[2023/06/29 05:35:31 364] network    90   ipfromenv ,  ipcfg  open.xf-yun.com  def  nil  
[2023/06/29 05:35:31 365] transport  1304 [soc] connect   42.62.116.18  80  
[2023/06/29 05:35:31 370] transport  1316 mspsoc.open,prot_type=  tcp  
[2023/06/29 05:35:31 376] isr_1conn  218  The called number of status_cb_timeout:  1  
[2023/06/29 05:35:34 379] isr_1conn  218  The called number of status_cb_timeout:  2  
