============================================================
Time  2023/06/29 00:35:43 316 
============================================================
[2023/06/29 00:35:43 325] isr_1conn  2234 SYS_MSG_LOAD_CLOUD  
[2023/06/29 00:35:43 358] isr_1conn  2255 SYS_MSG_REGCB_CLOUD param0 =   msp_status_cb  param1 =  func(fc06cad0) 
[2023/06/29 00:35:43 362] isr_1conn  2255 SYS_MSG_REGCB_CLOUD param0 =   cloud_rslt_cb  param1 =  func(fc06e430) 
[2023/06/29 00:35:43 367] isr_1conn  2255 SYS_MSG_REGCB_CLOUD param0 =   cloud_err_cb  param1 =  func(fc06e580) 
[2023/06/29 00:35:43 370] isr_1conn  2255 SYS_MSG_REGCB_CLOUD param0 =   cloud_status_cb  param1 =  func(fc06e660) 
[2023/06/29 00:35:43 377] isr_1conn  1411 onesoc  
[2023/06/29 00:35:43 378] isr_1conn  1412 ASR_CLOUD_MSG_SSB  
[2023/06/29 00:35:43 382] isr_1conn  1427 isr_1conn  cloud_cisr1P1HHBHvOMp5He97MaakgJ0Bcwx2uZ3  268436457  1573471853  
[2023/06/29 00:35:43 383] isr_1conn  1497 req_lgi_id =  nil  
[2023/06/29 00:35:43 387] isr_1conn  1498 not login!  
[2023/06/29 00:35:43 401] isr_1conn  1631 nil  
[2023/06/29 00:35:43 406] isr_1conn  1697 speex-wb  
[2023/06/29 00:35:43 407] isr_1conn  1785 net_once_bytes  nil  
[2023/06/29 00:35:43 410] isr_1conn  1790 need_encode  true  
[2023/06/29 00:35:43 422] isr_1conn  1792 once bytes  122  
[2023/06/29 00:35:43 435] isr_1conn  1816 User set url is   nil  
[2023/06/29 00:35:43 440] transport  645  paramkvsport is   nil  
[2023/06/29 00:35:43 443] transport  657  ns_enable=  1  
[2023/06/29 00:35:43 445] transport  659  2017-08--24 is_ns_need_close =   nil  
[2023/06/29 00:35:43 449] transport  665  net.nettype=  unknown  
[2023/06/29 00:35:43 454] transport  675  url.full=  nil  
[2023/06/29 00:35:43 455] transport  680  server_url_host=, server_url_port=, server_url_path=  open.xf-yun.com  nil  /msp.do  
[2023/06/29 00:35:43 457] transport  907  net type:  unknown  
[2023/06/29 00:35:43 460] transport  908  net operator:  def  
[2023/06/29 00:35:43 462] transport  909  use proxy:  false  
[2023/06/29 00:35:43 464] transport  1105 session.domain=  open.xf-yun.com  
[2023/06/29 00:35:43 466] transport  1106 url.host=  open.xf-yun.com  
[2023/06/29 00:35:43 468] network    90   ipfromenv ,  ipcache  open.xf-yun.com  def  nil  
[2023/06/29 00:35:43 470] transport  1179 try preferred port:  nil  
[2023/06/29 00:35:43 472] transport  1083 NAMESERVER START  
[2023/06/29 00:35:43 473] transport  1086 name =   iat  
[2023/06/29 00:35:43 475] ns         634  ntt=  unknown  
[2023/06/29 00:35:43 478] transport  1089 trans,ns_inprog =  0  
[2023/06/29 00:35:43 484] ns         582  name server start  
[2023/06/29 00:35:43 485] ns         588  ns_sub =   iat  
[2023/06/29 00:35:43 487] ns         596  ns_host =   open.xf-yun.com  
[2023/06/29 00:35:43 489] ns         475  ns_host=  open.xf-yun.com  
[2023/06/29 00:35:43 491] ns         555  net_type =  standard  
[2023/06/29 00:35:43 493] ns         556  cmwapascmnet =  
[2023/06/29 00:35:43 495] ns         557  uniwapasuninet =  
[2023/06/29 00:35:43 497] ns         558  ctwapasctnet =  
[2023/06/29 00:35:43 499] ns         576  host=  hdns.xf-yun.com  
[2023/06/29 00:35:43 501] network    263  gethostbyname  hdns.xf-yun.com  ns1  
[2023/06/29 00:35:43 506] isr_1conn  2060 ASR_CLOUD_MSG_SSE  
[2023/06/29 00:35:43 511] isr_1conn  1276 isr_1conn session info  
[2023/06/29 00:35:43 547] isr_1conn  2203 session finished! ret =   10131  
