============================================================
Time  2023/06/29 05:39:48 263 
============================================================
[2023/06/29 05:39:48 264] isr_1conn  2234 SYS_MSG_LOAD_CLOUD  
[2023/06/29 05:39:48 272] isr_1conn  2255 SYS_MSG_REGCB_CLOUD param0 =   msp_status_cb  param1 =  func(4406cad0) 
[2023/06/29 05:39:48 282] isr_1conn  2255 SYS_MSG_REGCB_CLOUD param0 =   cloud_rslt_cb  param1 =  func(4406e430) 
[2023/06/29 05:39:48 291] isr_1conn  2255 SYS_MSG_REGCB_CLOUD param0 =   cloud_err_cb  param1 =  func(4406e580) 
[2023/06/29 05:39:48 302] isr_1conn  2255 SYS_MSG_REGCB_CLOUD param0 =   cloud_status_cb  param1 =  func(4406e660) 
[2023/06/29 05:39:48 313] isr_1conn  1411 onesoc  
[2023/06/29 05:39:48 320] isr_1conn  1412 ASR_CLOUD_MSG_SSB  
[2023/06/29 05:39:48 326] isr_1conn  1427 isr_1conn  cloud_cisr1P1HHBHvOyDraZjW9aatm5Pr+C1at+P  268436457  1573471853  
[2023/06/29 05:39:48 328] isr_1conn  1497 req_lgi_id =  nil  
[2023/06/29 05:39:48 330] isr_1conn  1498 not login!  
[2023/06/29 05:39:48 337] isr_1conn  1631 nil  
[2023/06/29 05:39:48 340] isr_1conn  1697 speex-wb  
[2023/06/29 05:39:48 342] isr_1conn  1785 net_once_bytes  nil  
[2023/06/29 05:39:48 344] isr_1conn  1790 need_encode  true  
[2023/06/29 05:39:48 347] isr_1conn  1792 once bytes  122  
[2023/06/29 05:39:48 362] isr_1conn  1816 User set url is   nil  
[2023/06/29 05:39:48 366] transport  645  paramkvsport is   nil  
[2023/06/29 05:39:48 370] transport  657  ns_enable=  1  
[2023/06/29 05:39:48 372] transport  659  2017-08--24 is_ns_need_close =   nil  
[2023/06/29 05:39:48 374] transport  665  net.nettype=  unknown  
[2023/06/29 05:39:48 382] transport  675  url.full=  nil  
[2023/06/29 05:39:48 388] transport  680  server_url_host=, server_url_port=, server_url_path=  open.xf-yun.com  nil  /msp.do  
[2023/06/29 05:39:48 390] transport  907  net type:  unknown  
[2023/06/29 05:39:48 391] transport  908  net operator:  def  
[2023/06/29 05:39:48 400] transport  909  use proxy:  false  
[2023/06/29 05:39:48 407] transport  1105 session.domain=  open.xf-yun.com  
[2023/06/29 05:39:48 410] transport  1106 url.host=  open.xf-yun.com  
[2023/06/29 05:39:48 411] network    90   ipfromenv ,  ipcache  open.xf-yun.com  def  nil  
[2023/06/29 05:39:48 414] transport  1179 try preferred port:  nil  
[2023/06/29 05:39:48 419] transport  1083 NAMESERVER START  
[2023/06/29 05:39:48 421] transport  1086 name =   iat  
[2023/06/29 05:39:48 423] ns         634  ntt=  unknown  
[2023/06/29 05:39:48 432] transport  1089 trans,ns_inprog =  0  
[2023/06/29 05:39:48 437] ns         582  name server start  
[2023/06/29 05:39:48 443] ns         588  ns_sub =   iat  
[2023/06/29 05:39:48 446] ns         596  ns_host =   open.xf-yun.com  
[2023/06/29 05:39:48 449] ns         475  ns_host=  open.xf-yun.com  
[2023/06/29 05:39:48 450] ns         555  net_type =  standard  
[2023/06/29 05:39:48 452] ns         556  cmwapascmnet =  
[2023/06/29 05:39:48 457] ns         557  uniwapasuninet =  
[2023/06/29 05:39:48 460] ns         558  ctwapasctnet =  
[2023/06/29 05:39:48 462] ns         576  host=  hdns.xf-yun.com  
[2023/06/29 05:39:48 466] network    263  gethostbyname  hdns.xf-yun.com  ns1  
[2023/06/29 05:39:48 494] isr_1conn  2060 ASR_CLOUD_MSG_SSE  
[2023/06/29 05:39:48 514] isr_1conn  1276 isr_1conn session info  
[2023/06/29 05:39:48 609] isr_1conn  2203 session finished! ret =   10131  
