============================================================
Time  2023/06/29 05:36:05 972 
============================================================
[2023/06/29 05:36:05 973] isr_1conn  2234 SYS_MSG_LOAD_CLOUD  
[2023/06/29 05:36:05 985] isr_1conn  2255 SYS_MSG_REGCB_CLOUD param0 =   msp_status_cb  param1 =  func(a006cae0) 
[2023/06/29 05:36:05 991] isr_1conn  2255 SYS_MSG_REGCB_CLOUD param0 =   cloud_rslt_cb  param1 =  func(a006e440) 
[2023/06/29 05:36:05 998] isr_1conn  2255 SYS_MSG_REGCB_CLOUD param0 =   cloud_err_cb  param1 =  func(a006e590) 
[2023/06/29 05:36:06 018] isr_1conn  2255 SYS_MSG_REGCB_CLOUD param0 =   cloud_status_cb  param1 =  func(a006e670) 
[2023/06/29 05:36:06 027] isr_1conn  1411 onesoc  
[2023/06/29 05:36:06 027] isr_1conn  1412 ASR_CLOUD_MSG_SSB  
[2023/06/29 05:36:06 029] isr_1conn  1427 isr_1conn  cloud_cisr1P1HHBHvOy2UaxsL5aa5Q7aELCYUCB0  268436457  1573471853  
[2023/06/29 05:36:06 030] isr_1conn  1497 req_lgi_id =  nil  
[2023/06/29 05:36:06 031] isr_1conn  1498 not login!  
[2023/06/29 05:36:06 036] isr_1conn  1631 nil  
[2023/06/29 05:36:06 039] isr_1conn  1697 speex-wb  
[2023/06/29 05:36:06 040] isr_1conn  1785 net_once_bytes  nil  
[2023/06/29 05:36:06 042] isr_1conn  1790 need_encode  true  
[2023/06/29 05:36:06 044] isr_1conn  1792 once bytes  122  
[2023/06/29 05:36:06 053] isr_1conn  1816 User set url is   nil  
[2023/06/29 05:36:06 056] transport  645  paramkvsport is   nil  
[2023/06/29 05:36:06 057] transport  657  ns_enable=  1  
[2023/06/29 05:36:06 060] transport  659  2017-08--24 is_ns_need_close =   nil  
[2023/06/29 05:36:06 061] transport  665  net.nettype=  unknown  
[2023/06/29 05:36:06 063] transport  675  url.full=  nil  
[2023/06/29 05:36:06 064] transport  680  server_url_host=, server_url_port=, server_url_path=  open.xf-yun.com  nil  /msp.do  
[2023/06/29 05:36:06 066] transport  907  net type:  unknown  
[2023/06/29 05:36:06 070] transport  908  net operator:  def  
[2023/06/29 05:36:06 071] transport  909  use proxy:  false  
[2023/06/29 05:36:06 078] transport  1105 session.domain=  open.xf-yun.com  
[2023/06/29 05:36:06 080] transport  1106 url.host=  open.xf-yun.com  
[2023/06/29 05:36:06 082] network    90   ipfromenv ,  ipcache  open.xf-yun.com  def  nil  
[2023/06/29 05:36:06 084] transport  1179 try preferred port:  nil  
[2023/06/29 05:36:06 086] transport  1083 NAMESERVER START  
[2023/06/29 05:36:06 087] transport  1086 name =   iat  
[2023/06/29 05:36:06 089] ns         634  ntt=  unknown  
[2023/06/29 05:36:06 090] transport  1089 trans,ns_inprog =  0  
[2023/06/29 05:36:06 092] ns         582  name server start  
[2023/06/29 05:36:06 100] ns         588  ns_sub =   iat  
[2023/06/29 05:36:06 101] ns         596  ns_host =   open.xf-yun.com  
[2023/06/29 05:36:06 103] ns         475  ns_host=  open.xf-yun.com  
[2023/06/29 05:36:06 110] ns         555  net_type =  standard  
[2023/06/29 05:36:06 111] ns         556  cmwapascmnet =  
[2023/06/29 05:36:06 113] ns         557  uniwapasuninet =  
[2023/06/29 05:36:06 115] ns         558  ctwapasctnet =  
[2023/06/29 05:36:06 118] ns         576  host=  hdns.xf-yun.com  
[2023/06/29 05:36:06 120] network    263  gethostbyname  hdns.xf-yun.com  ns1  
[2023/06/29 05:36:06 126] isr_1conn  2060 ASR_CLOUD_MSG_SSE  
[2023/06/29 05:36:06 132] isr_1conn  1276 isr_1conn session info  
[2023/06/29 05:36:06 164] isr_1conn  2203 session finished! ret =   10131  
