============================================================
Time  2023/06/27 01:48:14 218 
============================================================
[2023/06/27 01:48:14 282] isr_1conn  2234 SYS_MSG_LOAD_CLOUD  
[2023/06/27 01:48:14 287] isr_1conn  2255 SYS_MSG_REGCB_CLOUD param0 =   msp_status_cb  param1 =  func(a006cae0) 
[2023/06/27 01:48:14 293] isr_1conn  2255 SYS_MSG_REGCB_CLOUD param0 =   cloud_rslt_cb  param1 =  func(a006e440) 
[2023/06/27 01:48:14 297] isr_1conn  2255 SYS_MSG_REGCB_CLOUD param0 =   cloud_err_cb  param1 =  func(a006e590) 
[2023/06/27 01:48:14 300] isr_1conn  2255 SYS_MSG_REGCB_CLOUD param0 =   cloud_status_cb  param1 =  func(a006e670) 
[2023/06/27 01:48:14 310] isr_1conn  1411 onesoc  
[2023/06/27 01:48:14 312] isr_1conn  1412 ASR_CLOUD_MSG_SSB  
[2023/06/27 01:48:14 319] isr_1conn  1427 isr_1conn  cloud_cisr1PdHHBHvs2Wkpf7waaCYOduftJVBQZ  268436457  1573471853  
[2023/06/27 01:48:14 323] isr_1conn  1497 req_lgi_id =  nil  
[2023/06/27 01:48:14 325] isr_1conn  1498 not login!  
[2023/06/27 01:48:14 342] isr_1conn  1631 nil  
[2023/06/27 01:48:14 343] isr_1conn  1697 speex-wb  
[2023/06/27 01:48:14 350] isr_1conn  1785 net_once_bytes  nil  
[2023/06/27 01:48:14 353] isr_1conn  1790 need_encode  true  
[2023/06/27 01:48:14 358] isr_1conn  1792 once bytes  122  
[2023/06/27 01:48:14 366] isr_1conn  1816 User set url is   nil  
[2023/06/27 01:48:14 368] transport  645  paramkvsport is   nil  
[2023/06/27 01:48:14 370] transport  657  ns_enable=  1  
[2023/06/27 01:48:14 373] transport  659  2017-08--24 is_ns_need_close =   nil  
[2023/06/27 01:48:14 376] transport  665  net.nettype=  unknown  
[2023/06/27 01:48:14 378] transport  675  url.full=  nil  
[2023/06/27 01:48:14 380] transport  680  server_url_host=, server_url_port=, server_url_path=  open.xf-yun.com  nil  /msp.do  
[2023/06/27 01:48:14 382] transport  907  net type:  unknown  
[2023/06/27 01:48:14 384] transport  908  net operator:  def  
[2023/06/27 01:48:14 389] transport  909  use proxy:  false  
[2023/06/27 01:48:14 392] transport  1105 session.domain=  open.xf-yun.com  
[2023/06/27 01:48:14 393] transport  1106 url.host=  open.xf-yun.com  
[2023/06/27 01:48:14 395] network    90   ipfromenv ,  ipcache  open.xf-yun.com  def  nil  
[2023/06/27 01:48:14 410] transport  1179 try preferred port:  nil  
[2023/06/27 01:48:14 411] transport  1083 NAMESERVER START  
[2023/06/27 01:48:14 412] transport  1086 name =   iat  
[2023/06/27 01:48:14 412] ns         634  ntt=  unknown  
[2023/06/27 01:48:14 413] transport  1089 trans,ns_inprog =  0  
[2023/06/27 01:48:14 414] ns         582  name server start  
[2023/06/27 01:48:14 415] ns         588  ns_sub =   iat  
[2023/06/27 01:48:14 416] ns         596  ns_host =   open.xf-yun.com  
[2023/06/27 01:48:14 417] ns         475  ns_host=  open.xf-yun.com  
[2023/06/27 01:48:14 418] ns         555  net_type =  standard  
[2023/06/27 01:48:14 419] ns         556  cmwapascmnet =  
[2023/06/27 01:48:14 419] ns         557  uniwapasuninet =  
[2023/06/27 01:48:14 421] ns         558  ctwapasctnet =  
[2023/06/27 01:48:14 422] ns         576  host=  hdns.xf-yun.com  
[2023/06/27 01:48:14 423] network    263  gethostbyname  hdns.xf-yun.com  ns1  
[2023/06/27 01:48:14 445] isr_1conn  2060 ASR_CLOUD_MSG_SSE  
[2023/06/27 01:48:14 455] isr_1conn  1276 isr_1conn session info  
[2023/06/27 01:48:14 482] isr_1conn  2203 session finished! ret =   10131  
