============================================================
Time  2023/06/29 05:34:59 123 
============================================================
[2023/06/29 05:34:59 127] isr_1conn  2234 SYS_MSG_LOAD_CLOUD  
[2023/06/29 05:34:59 149] isr_1conn  2255 SYS_MSG_REGCB_CLOUD param0 =   msp_status_cb  param1 =  func(9006ca50) 
[2023/06/29 05:34:59 157] isr_1conn  2255 SYS_MSG_REGCB_CLOUD param0 =   cloud_rslt_cb  param1 =  func(9006e3b0) 
[2023/06/29 05:34:59 161] isr_1conn  2255 SYS_MSG_REGCB_CLOUD param0 =   cloud_err_cb  param1 =  func(9006e500) 
[2023/06/29 05:34:59 168] isr_1conn  2255 SYS_MSG_REGCB_CLOUD param0 =   cloud_status_cb  param1 =  func(9006e5e0) 
[2023/06/29 05:34:59 180] isr_1conn  1411 onesoc  
[2023/06/29 05:34:59 184] isr_1conn  1412 ASR_CLOUD_MSG_SSB  
[2023/06/29 05:34:59 190] isr_1conn  1427 isr_1conn  cloud_cisr1P1HHBHvOyKfaxboLaa1GYajzuJtmVh  268436457  1573471853  
[2023/06/29 05:34:59 192] isr_1conn  1497 req_lgi_id =  nil  
[2023/06/29 05:34:59 193] isr_1conn  1498 not login!  
[2023/06/29 05:34:59 197] isr_1conn  1631 nil  
[2023/06/29 05:34:59 199] isr_1conn  1697 speex-wb  
[2023/06/29 05:34:59 201] isr_1conn  1785 net_once_bytes  nil  
[2023/06/29 05:34:59 212] isr_1conn  1790 need_encode  true  
[2023/06/29 05:34:59 215] isr_1conn  1792 once bytes  122  
[2023/06/29 05:34:59 232] isr_1conn  1816 User set url is   nil  
[2023/06/29 05:34:59 234] transport  645  paramkvsport is   nil  
[2023/06/29 05:34:59 236] transport  657  ns_enable=  1  
[2023/06/29 05:34:59 237] transport  659  2017-08--24 is_ns_need_close =   nil  
[2023/06/29 05:34:59 240] transport  665  net.nettype=  unknown  
[2023/06/29 05:34:59 242] transport  675  url.full=  nil  
[2023/06/29 05:34:59 246] transport  680  server_url_host=, server_url_port=, server_url_path=  open.xf-yun.com  nil  /msp.do  
[2023/06/29 05:34:59 248] transport  907  net type:  unknown  
[2023/06/29 05:34:59 250] transport  908  net operator:  def  
[2023/06/29 05:34:59 252] transport  909  use proxy:  false  
[2023/06/29 05:34:59 254] transport  1105 session.domain=  open.xf-yun.com  
[2023/06/29 05:34:59 256] transport  1106 url.host=  open.xf-yun.com  
[2023/06/29 05:34:59 258] network    90   ipfromenv ,  ipcache  open.xf-yun.com  def  nil  
[2023/06/29 05:34:59 259] transport  1179 try preferred port:  nil  
[2023/06/29 05:34:59 261] transport  1083 NAMESERVER START  
[2023/06/29 05:34:59 263] transport  1086 name =   iat  
[2023/06/29 05:34:59 265] ns         634  ntt=  unknown  
[2023/06/29 05:34:59 268] transport  1089 trans,ns_inprog =  0  
[2023/06/29 05:34:59 270] ns         582  name server start  
[2023/06/29 05:34:59 272] ns         588  ns_sub =   iat  
[2023/06/29 05:34:59 276] ns         596  ns_host =   open.xf-yun.com  
[2023/06/29 05:34:59 278] ns         475  ns_host=  open.xf-yun.com  
[2023/06/29 05:34:59 280] ns         555  net_type =  standard  
[2023/06/29 05:34:59 281] ns         556  cmwapascmnet =  
[2023/06/29 05:34:59 283] ns         557  uniwapasuninet =  
[2023/06/29 05:34:59 284] ns         558  ctwapasctnet =  
[2023/06/29 05:34:59 286] ns         576  host=  hdns.xf-yun.com  
[2023/06/29 05:34:59 289] network    263  gethostbyname  hdns.xf-yun.com  ns1  
[2023/06/29 05:34:59 295] isr_1conn  2060 ASR_CLOUD_MSG_SSE  
[2023/06/29 05:34:59 302] isr_1conn  1276 isr_1conn session info  
[2023/06/29 05:34:59 339] isr_1conn  2203 session finished! ret =   10131  
