============================================================
Time  2023/06/29 05:41:40 756 
============================================================
[2023/06/29 05:41:40 757] isr_1conn  2234 SYS_MSG_LOAD_CLOUD  
[2023/06/29 05:41:40 773] isr_1conn  2255 SYS_MSG_REGCB_CLOUD param0 =   msp_status_cb  param1 =  func(d006cac0) 
[2023/06/29 05:41:40 786] isr_1conn  2255 SYS_MSG_REGCB_CLOUD param0 =   cloud_rslt_cb  param1 =  func(d006e420) 
[2023/06/29 05:41:40 790] isr_1conn  2255 SYS_MSG_REGCB_CLOUD param0 =   cloud_err_cb  param1 =  func(d006e570) 
[2023/06/29 05:41:40 798] isr_1conn  2255 SYS_MSG_REGCB_CLOUD param0 =   cloud_status_cb  param1 =  func(d006e650) 
[2023/06/29 05:41:40 815] isr_1conn  1411 onesoc  
[2023/06/29 05:41:40 825] isr_1conn  1412 ASR_CLOUD_MSG_SSB  
[2023/06/29 05:41:40 828] isr_1conn  1427 isr_1conn  cloud_cisr1P1HHBHvOyidaZLOyaaWJKtzH11-1YH  268436457  1573471853  
[2023/06/29 05:41:40 829] isr_1conn  1497 req_lgi_id =  nil  
[2023/06/29 05:41:40 830] isr_1conn  1498 not login!  
[2023/06/29 05:41:40 834] isr_1conn  1631 nil  
[2023/06/29 05:41:40 836] isr_1conn  1697 speex-wb  
[2023/06/29 05:41:40 839] isr_1conn  1785 net_once_bytes  nil  
[2023/06/29 05:41:40 841] isr_1conn  1790 need_encode  true  
[2023/06/29 05:41:40 843] isr_1conn  1792 once bytes  122  
[2023/06/29 05:41:40 856] isr_1conn  1816 User set url is   nil  
[2023/06/29 05:41:40 858] transport  645  paramkvsport is   nil  
[2023/06/29 05:41:40 859] transport  657  ns_enable=  1  
[2023/06/29 05:41:40 860] transport  659  2017-08--24 is_ns_need_close =   nil  
[2023/06/29 05:41:40 861] transport  665  net.nettype=  unknown  
[2023/06/29 05:41:40 862] transport  675  url.full=  nil  
[2023/06/29 05:41:40 863] transport  680  server_url_host=, server_url_port=, server_url_path=  open.xf-yun.com  nil  /msp.do  
[2023/06/29 05:41:40 864] transport  907  net type:  unknown  
[2023/06/29 05:41:40 864] transport  908  net operator:  def  
[2023/06/29 05:41:40 865] transport  909  use proxy:  false  
[2023/06/29 05:41:40 867] transport  1105 session.domain=  open.xf-yun.com  
[2023/06/29 05:41:40 868] transport  1106 url.host=  open.xf-yun.com  
[2023/06/29 05:41:40 868] network    90   ipfromenv ,  ipcache  open.xf-yun.com  def  nil  
[2023/06/29 05:41:40 869] transport  1179 try preferred port:  nil  
[2023/06/29 05:41:40 870] transport  1083 NAMESERVER START  
[2023/06/29 05:41:40 871] transport  1086 name =   iat  
[2023/06/29 05:41:40 872] ns         634  ntt=  unknown  
[2023/06/29 05:41:40 873] transport  1089 trans,ns_inprog =  0  
[2023/06/29 05:41:40 874] ns         582  name server start  
[2023/06/29 05:41:40 874] ns         588  ns_sub =   iat  
[2023/06/29 05:41:40 875] ns         596  ns_host =   open.xf-yun.com  
[2023/06/29 05:41:40 876] ns         475  ns_host=  open.xf-yun.com  
[2023/06/29 05:41:40 877] ns         555  net_type =  standard  
[2023/06/29 05:41:40 877] ns         556  cmwapascmnet =  
[2023/06/29 05:41:40 878] ns         557  uniwapasuninet =  
[2023/06/29 05:41:40 879] ns         558  ctwapasctnet =  
[2023/06/29 05:41:40 881] ns         576  host=  hdns.xf-yun.com  
[2023/06/29 05:41:40 882] network    263  gethostbyname  hdns.xf-yun.com  ns1  
[2023/06/29 05:41:40 892] isr_1conn  2060 ASR_CLOUD_MSG_SSE  
[2023/06/29 05:41:40 903] isr_1conn  1276 isr_1conn session info  
[2023/06/29 05:41:40 953] isr_1conn  2203 session finished! ret =   10131  
