============================================================
Time  2023/06/29 05:17:27 942 
============================================================
[2023/06/29 05:17:27 943] isr_1conn  2234 SYS_MSG_LOAD_CLOUD  
[2023/06/29 05:17:27 950] isr_1conn  2255 SYS_MSG_REGCB_CLOUD param0 =   msp_status_cb  param1 =  func(6806cad0) 
[2023/06/29 05:17:27 971] isr_1conn  2255 SYS_MSG_REGCB_CLOUD param0 =   cloud_rslt_cb  param1 =  func(6806e430) 
[2023/06/29 05:17:27 981] isr_1conn  2255 SYS_MSG_REGCB_CLOUD param0 =   cloud_err_cb  param1 =  func(6806e580) 
[2023/06/29 05:17:27 987] isr_1conn  2255 SYS_MSG_REGCB_CLOUD param0 =   cloud_status_cb  param1 =  func(6806e660) 
[2023/06/29 05:17:27 994] isr_1conn  1411 onesoc  
[2023/06/29 05:17:28 000] isr_1conn  1412 ASR_CLOUD_MSG_SSB  
[2023/06/29 05:17:28 009] isr_1conn  1427 isr_1conn  cloud_cisr1P1HHBHvOyeyaX-S0aamCeH-IBrW0Gv  268436457  1573471853  
[2023/06/29 05:17:28 012] isr_1conn  1497 req_lgi_id =  nil  
[2023/06/29 05:17:28 019] isr_1conn  1498 not login!  
[2023/06/29 05:17:28 027] isr_1conn  1631 nil  
[2023/06/29 05:17:28 030] isr_1conn  1697 speex-wb  
[2023/06/29 05:17:28 032] isr_1conn  1785 net_once_bytes  nil  
[2023/06/29 05:17:28 039] isr_1conn  1790 need_encode  true  
[2023/06/29 05:17:28 041] isr_1conn  1792 once bytes  122  
[2023/06/29 05:17:28 050] isr_1conn  1816 User set url is   nil  
[2023/06/29 05:17:28 056] transport  645  paramkvsport is   nil  
[2023/06/29 05:17:28 059] transport  657  ns_enable=  1  
[2023/06/29 05:17:28 061] transport  659  2017-08--24 is_ns_need_close =   nil  
[2023/06/29 05:17:28 063] transport  665  net.nettype=  unknown  
[2023/06/29 05:17:28 065] transport  675  url.full=  nil  
[2023/06/29 05:17:28 067] transport  680  server_url_host=, server_url_port=, server_url_path=  open.xf-yun.com  nil  /msp.do  
[2023/06/29 05:17:28 069] transport  907  net type:  unknown  
[2023/06/29 05:17:28 070] transport  908  net operator:  def  
[2023/06/29 05:17:28 075] transport  909  use proxy:  false  
[2023/06/29 05:17:28 079] transport  1105 session.domain=  open.xf-yun.com  
[2023/06/29 05:17:28 080] transport  1106 url.host=  open.xf-yun.com  
[2023/06/29 05:17:28 083] network    90   ipfromenv ,  ipcache  open.xf-yun.com  def  nil  
[2023/06/29 05:17:28 085] transport  1179 try preferred port:  nil  
[2023/06/29 05:17:28 087] transport  1083 NAMESERVER START  
[2023/06/29 05:17:28 089] transport  1086 name =   iat  
[2023/06/29 05:17:28 091] ns         634  ntt=  unknown  
[2023/06/29 05:17:28 098] transport  1089 trans,ns_inprog =  0  
[2023/06/29 05:17:28 099] ns         582  name server start  
[2023/06/29 05:17:28 101] ns         588  ns_sub =   iat  
[2023/06/29 05:17:28 108] ns         596  ns_host =   open.xf-yun.com  
[2023/06/29 05:17:28 110] ns         475  ns_host=  open.xf-yun.com  
[2023/06/29 05:17:28 117] ns         555  net_type =  standard  
[2023/06/29 05:17:28 119] ns         556  cmwapascmnet =  
[2023/06/29 05:17:28 121] ns         557  uniwapasuninet =  
[2023/06/29 05:17:28 126] ns         558  ctwapasctnet =  
[2023/06/29 05:17:28 130] ns         576  host=  hdns.xf-yun.com  
[2023/06/29 05:17:28 133] network    263  gethostbyname  hdns.xf-yun.com  ns1  
[2023/06/29 05:17:28 147] isr_1conn  2060 ASR_CLOUD_MSG_SSE  
[2023/06/29 05:17:28 178] isr_1conn  1276 isr_1conn session info  
[2023/06/29 05:17:28 268] isr_1conn  2203 session finished! ret =   10131  
