============================================================
Time  2023/06/29 05:37:47 565 
============================================================
[2023/06/29 05:37:47 566] isr_1conn  2234 SYS_MSG_LOAD_CLOUD  
[2023/06/29 05:37:47 572] isr_1conn  2255 SYS_MSG_REGCB_CLOUD param0 =   msp_status_cb  param1 =  func(e406cae0) 
[2023/06/29 05:37:47 580] isr_1conn  2255 SYS_MSG_REGCB_CLOUD param0 =   cloud_rslt_cb  param1 =  func(e406e440) 
[2023/06/29 05:37:47 606] isr_1conn  2255 SYS_MSG_REGCB_CLOUD param0 =   cloud_err_cb  param1 =  func(e406e590) 
[2023/06/29 05:37:47 611] isr_1conn  2255 SYS_MSG_REGCB_CLOUD param0 =   cloud_status_cb  param1 =  func(e406e670) 
[2023/06/29 05:37:47 619] isr_1conn  1411 onesoc  
[2023/06/29 05:37:47 624] isr_1conn  1412 ASR_CLOUD_MSG_SSB  
[2023/06/29 05:37:47 631] isr_1conn  1427 isr_1conn  cloud_cisr1P1HHBHvOy+cax6F6aaBSNH-+kNW01g  268436457  1573471853  
[2023/06/29 05:37:47 634] isr_1conn  1497 req_lgi_id =  nil  
[2023/06/29 05:37:47 637] isr_1conn  1498 not login!  
[2023/06/29 05:37:47 642] isr_1conn  1631 nil  
[2023/06/29 05:37:47 648] isr_1conn  1697 speex-wb  
[2023/06/29 05:37:47 650] isr_1conn  1785 net_once_bytes  nil  
[2023/06/29 05:37:47 652] isr_1conn  1790 need_encode  true  
[2023/06/29 05:37:47 654] isr_1conn  1792 once bytes  122  
[2023/06/29 05:37:47 672] isr_1conn  1816 User set url is   nil  
[2023/06/29 05:37:47 676] transport  645  paramkvsport is   nil  
[2023/06/29 05:37:47 677] transport  657  ns_enable=  1  
[2023/06/29 05:37:47 679] transport  659  2017-08--24 is_ns_need_close =   nil  
[2023/06/29 05:37:47 681] transport  665  net.nettype=  unknown  
[2023/06/29 05:37:47 682] transport  675  url.full=  nil  
[2023/06/29 05:37:47 684] transport  680  server_url_host=, server_url_port=, server_url_path=  open.xf-yun.com  nil  /msp.do  
[2023/06/29 05:37:47 686] transport  907  net type:  unknown  
[2023/06/29 05:37:47 688] transport  908  net operator:  def  
[2023/06/29 05:37:47 690] transport  909  use proxy:  false  
[2023/06/29 05:37:47 693] transport  1105 session.domain=  open.xf-yun.com  
[2023/06/29 05:37:47 695] transport  1106 url.host=  open.xf-yun.com  
[2023/06/29 05:37:47 697] network    90   ipfromenv ,  ipcache  open.xf-yun.com  def  nil  
[2023/06/29 05:37:47 698] transport  1179 try preferred port:  nil  
[2023/06/29 05:37:47 700] transport  1083 NAMESERVER START  
[2023/06/29 05:37:47 702] transport  1086 name =   iat  
[2023/06/29 05:37:47 703] ns         634  ntt=  unknown  
[2023/06/29 05:37:47 706] transport  1089 trans,ns_inprog =  0  
[2023/06/29 05:37:47 708] ns         582  name server start  
[2023/06/29 05:37:47 710] ns         588  ns_sub =   iat  
[2023/06/29 05:37:47 715] ns         596  ns_host =   open.xf-yun.com  
[2023/06/29 05:37:47 717] ns         475  ns_host=  open.xf-yun.com  
[2023/06/29 05:37:47 721] ns         555  net_type =  standard  
[2023/06/29 05:37:47 724] ns         556  cmwapascmnet =  
[2023/06/29 05:37:47 726] ns         557  uniwapasuninet =  
[2023/06/29 05:37:47 728] ns         558  ctwapasctnet =  
[2023/06/29 05:37:47 730] ns         576  host=  hdns.xf-yun.com  
[2023/06/29 05:37:47 732] network    263  gethostbyname  hdns.xf-yun.com  ns1  
[2023/06/29 05:37:47 750] isr_1conn  2060 ASR_CLOUD_MSG_SSE  
[2023/06/29 05:37:47 782] isr_1conn  1276 isr_1conn session info  
[2023/06/29 05:37:47 873] isr_1conn  2203 session finished! ret =   10131  
