============================================================
Time  2023/06/29 04:49:44 197 
============================================================
[2023/06/29 04:49:44 200] isr_1conn  2234 SYS_MSG_LOAD_CLOUD  
[2023/06/29 04:49:44 206] isr_1conn  2255 SYS_MSG_REGCB_CLOUD param0 =   msp_status_cb  param1 =  func(d406cad0) 
[2023/06/29 04:49:44 214] isr_1conn  2255 SYS_MSG_REGCB_CLOUD param0 =   cloud_rslt_cb  param1 =  func(d406e430) 
[2023/06/29 04:49:44 224] isr_1conn  2255 SYS_MSG_REGCB_CLOUD param0 =   cloud_err_cb  param1 =  func(d406e580) 
[2023/06/29 04:49:44 227] isr_1conn  2255 SYS_MSG_REGCB_CLOUD param0 =   cloud_status_cb  param1 =  func(d406e660) 
[2023/06/29 04:49:44 235] isr_1conn  1411 onesoc  
[2023/06/29 04:49:44 235] isr_1conn  1412 ASR_CLOUD_MSG_SSB  
[2023/06/29 04:49:44 237] isr_1conn  1427 isr_1conn  cloud_cisr1P1HHBHvOb6yaM6VSaamPewNtHy10q5  268436457  1573471853  
[2023/06/29 04:49:44 238] isr_1conn  1497 req_lgi_id =  nil  
[2023/06/29 04:49:44 245] isr_1conn  1498 not login!  
[2023/06/29 04:49:44 254] isr_1conn  1631 nil  
[2023/06/29 04:49:44 256] isr_1conn  1697 speex-wb  
[2023/06/29 04:49:44 258] isr_1conn  1785 net_once_bytes  nil  
[2023/06/29 04:49:44 260] isr_1conn  1790 need_encode  true  
[2023/06/29 04:49:44 262] isr_1conn  1792 once bytes  122  
[2023/06/29 04:49:44 271] isr_1conn  1816 User set url is   nil  
[2023/06/29 04:49:44 273] transport  645  paramkvsport is   nil  
[2023/06/29 04:49:44 276] transport  657  ns_enable=  1  
[2023/06/29 04:49:44 277] transport  659  2017-08--24 is_ns_need_close =   nil  
[2023/06/29 04:49:44 279] transport  665  net.nettype=  unknown  
[2023/06/29 04:49:44 280] transport  675  url.full=  nil  
[2023/06/29 04:49:44 282] transport  680  server_url_host=, server_url_port=, server_url_path=  open.xf-yun.com  nil  /msp.do  
[2023/06/29 04:49:44 285] transport  907  net type:  unknown  
[2023/06/29 04:49:44 287] transport  908  net operator:  def  
[2023/06/29 04:49:44 289] transport  909  use proxy:  false  
[2023/06/29 04:49:44 293] transport  1105 session.domain=  open.xf-yun.com  
[2023/06/29 04:49:44 295] transport  1106 url.host=  open.xf-yun.com  
[2023/06/29 04:49:44 296] network    90   ipfromenv ,  ipcache  open.xf-yun.com  def  nil  
[2023/06/29 04:49:44 298] transport  1179 try preferred port:  nil  
[2023/06/29 04:49:44 317] transport  1083 NAMESERVER START  
[2023/06/29 04:49:44 323] transport  1086 name =   iat  
[2023/06/29 04:49:44 326] ns         634  ntt=  unknown  
[2023/06/29 04:49:44 330] transport  1089 trans,ns_inprog =  0  
[2023/06/29 04:49:44 333] ns         582  name server start  
[2023/06/29 04:49:44 333] ns         588  ns_sub =   iat  
[2023/06/29 04:49:44 334] ns         596  ns_host =   open.xf-yun.com  
[2023/06/29 04:49:44 335] ns         475  ns_host=  open.xf-yun.com  
[2023/06/29 04:49:44 336] ns         555  net_type =  standard  
[2023/06/29 04:49:44 337] ns         556  cmwapascmnet =  
[2023/06/29 04:49:44 338] ns         557  uniwapasuninet =  
[2023/06/29 04:49:44 339] ns         558  ctwapasctnet =  
[2023/06/29 04:49:44 340] ns         576  host=  hdns.xf-yun.com  
[2023/06/29 04:49:44 341] network    263  gethostbyname  hdns.xf-yun.com  ns1  
[2023/06/29 04:49:44 356] isr_1conn  2060 ASR_CLOUD_MSG_SSE  
[2023/06/29 04:49:44 405] isr_1conn  1276 isr_1conn session info  
[2023/06/29 04:49:44 487] isr_1conn  2203 session finished! ret =   10131  
