============================================================
Time  2023/06/29 05:18:49 357 
============================================================
[2023/06/29 05:18:49 386] isr_1conn  2234 SYS_MSG_LOAD_CLOUD  
[2023/06/29 05:18:49 390] isr_1conn  2255 SYS_MSG_REGCB_CLOUD param0 =   msp_status_cb  param1 =  func(8406cae0) 
[2023/06/29 05:18:49 400] isr_1conn  2255 SYS_MSG_REGCB_CLOUD param0 =   cloud_rslt_cb  param1 =  func(8406e460) 
[2023/06/29 05:18:49 405] isr_1conn  2255 SYS_MSG_REGCB_CLOUD param0 =   cloud_err_cb  param1 =  func(8406e5b0) 
[2023/06/29 05:18:49 410] isr_1conn  2255 SYS_MSG_REGCB_CLOUD param0 =   cloud_status_cb  param1 =  func(8406e690) 
[2023/06/29 05:18:49 427] isr_1conn  1411 onesoc  
[2023/06/29 05:18:49 428] isr_1conn  1412 ASR_CLOUD_MSG_SSB  
[2023/06/29 05:18:49 437] isr_1conn  1427 isr_1conn  cloud_cisr1P1HHBHvOyXKaXKq3aaBPA0zraDv13+  268436457  1573471853  
[2023/06/29 05:18:49 438] isr_1conn  1497 req_lgi_id =  nil  
[2023/06/29 05:18:49 443] isr_1conn  1498 not login!  
[2023/06/29 05:18:49 449] isr_1conn  1631 nil  
[2023/06/29 05:18:49 451] isr_1conn  1697 speex-wb  
[2023/06/29 05:18:49 453] isr_1conn  1785 net_once_bytes  nil  
[2023/06/29 05:18:49 478] isr_1conn  1790 need_encode  true  
[2023/06/29 05:18:49 481] isr_1conn  1792 once bytes  122  
[2023/06/29 05:18:49 487] isr_1conn  1816 User set url is   nil  
[2023/06/29 05:18:49 491] transport  645  paramkvsport is   nil  
[2023/06/29 05:18:49 494] transport  657  ns_enable=  1  
[2023/06/29 05:18:49 496] transport  659  2017-08--24 is_ns_need_close =   nil  
[2023/06/29 05:18:49 498] transport  665  net.nettype=  unknown  
[2023/06/29 05:18:49 500] transport  675  url.full=  nil  
[2023/06/29 05:18:49 502] transport  680  server_url_host=, server_url_port=, server_url_path=  open.xf-yun.com  nil  /msp.do  
[2023/06/29 05:18:49 505] transport  907  net type:  unknown  
[2023/06/29 05:18:49 508] transport  908  net operator:  def  
[2023/06/29 05:18:49 516] transport  909  use proxy:  false  
[2023/06/29 05:18:49 522] transport  1105 session.domain=  open.xf-yun.com  
[2023/06/29 05:18:49 526] transport  1106 url.host=  open.xf-yun.com  
[2023/06/29 05:18:49 530] network    90   ipfromenv ,  ipcache  open.xf-yun.com  def  nil  
[2023/06/29 05:18:49 535] transport  1179 try preferred port:  nil  
[2023/06/29 05:18:49 538] transport  1083 NAMESERVER START  
[2023/06/29 05:18:49 541] transport  1086 name =   iat  
[2023/06/29 05:18:49 543] ns         634  ntt=  unknown  
[2023/06/29 05:18:49 545] transport  1089 trans,ns_inprog =  0  
[2023/06/29 05:18:49 547] ns         582  name server start  
[2023/06/29 05:18:49 549] ns         588  ns_sub =   iat  
[2023/06/29 05:18:49 553] ns         596  ns_host =   open.xf-yun.com  
[2023/06/29 05:18:49 558] ns         475  ns_host=  open.xf-yun.com  
[2023/06/29 05:18:49 561] ns         555  net_type =  standard  
[2023/06/29 05:18:49 564] ns         556  cmwapascmnet =  
[2023/06/29 05:18:49 572] ns         557  uniwapasuninet =  
[2023/06/29 05:18:49 578] ns         558  ctwapasctnet =  
[2023/06/29 05:18:49 594] ns         576  host=  hdns.xf-yun.com  
[2023/06/29 05:18:49 600] network    263  gethostbyname  hdns.xf-yun.com  ns1  
[2023/06/29 05:18:49 619] isr_1conn  2060 ASR_CLOUD_MSG_SSE  
[2023/06/29 05:18:49 645] isr_1conn  1276 isr_1conn session info  
[2023/06/29 05:18:49 691] isr_1conn  2203 session finished! ret =   10131  
