============================================================
Time  2023/06/29 05:16:33 316 
============================================================
[2023/06/29 05:16:33 317] isr_1conn  2234 SYS_MSG_LOAD_CLOUD  
[2023/06/29 05:16:33 331] isr_1conn  2255 SYS_MSG_REGCB_CLOUD param0 =   msp_status_cb  param1 =  func(d406ca50) 
[2023/06/29 05:16:33 374] isr_1conn  2255 SYS_MSG_REGCB_CLOUD param0 =   cloud_rslt_cb  param1 =  func(d406e3b0) 
[2023/06/29 05:16:33 377] isr_1conn  2255 SYS_MSG_REGCB_CLOUD param0 =   cloud_err_cb  param1 =  func(d406e500) 
[2023/06/29 05:16:33 388] isr_1conn  2255 SYS_MSG_REGCB_CLOUD param0 =   cloud_status_cb  param1 =  func(d406e5e0) 
[2023/06/29 05:16:33 727] isr_1conn  1411 onesoc  
[2023/06/29 05:16:33 728] isr_1conn  1412 ASR_CLOUD_MSG_SSB  
[2023/06/29 05:16:33 731] isr_1conn  1427 isr_1conn  cloud_cisr1P1HHBHvOyNJaXlIOaa0Otwp9WK8Cf0  268436457  1573471853  
[2023/06/29 05:16:33 731] isr_1conn  1497 req_lgi_id =  nil  
[2023/06/29 05:16:33 733] isr_1conn  1498 not login!  
[2023/06/29 05:16:33 738] isr_1conn  1631 nil  
[2023/06/29 05:16:33 741] isr_1conn  1697 speex-wb  
[2023/06/29 05:16:33 743] isr_1conn  1785 net_once_bytes  nil  
[2023/06/29 05:16:33 745] isr_1conn  1790 need_encode  true  
[2023/06/29 05:16:33 748] isr_1conn  1792 once bytes  122  
[2023/06/29 05:16:33 762] isr_1conn  1816 User set url is   nil  
[2023/06/29 05:16:33 765] transport  645  paramkvsport is   nil  
[2023/06/29 05:16:33 811] transport  657  ns_enable=  1  
[2023/06/29 05:16:33 812] transport  659  2017-08--24 is_ns_need_close =   nil  
[2023/06/29 05:16:33 814] transport  665  net.nettype=  unknown  
[2023/06/29 05:16:33 826] transport  675  url.full=  nil  
[2023/06/29 05:16:33 827] transport  680  server_url_host=, server_url_port=, server_url_path=  open.xf-yun.com  nil  /msp.do  
[2023/06/29 05:16:33 828] transport  907  net type:  unknown  
[2023/06/29 05:16:33 829] transport  908  net operator:  def  
[2023/06/29 05:16:33 830] transport  909  use proxy:  false  
[2023/06/29 05:16:33 831] transport  1105 session.domain=  open.xf-yun.com  
[2023/06/29 05:16:33 833] transport  1106 url.host=  open.xf-yun.com  
[2023/06/29 05:16:33 834] network    90   ipfromenv ,  ipcache  open.xf-yun.com  def  nil  
[2023/06/29 05:16:33 835] transport  1179 try preferred port:  nil  
[2023/06/29 05:16:33 837] transport  1083 NAMESERVER START  
[2023/06/29 05:16:33 838] transport  1086 name =   iat  
[2023/06/29 05:16:33 839] ns         634  ntt=  unknown  
[2023/06/29 05:16:33 839] transport  1089 trans,ns_inprog =  0  
[2023/06/29 05:16:33 840] ns         582  name server start  
[2023/06/29 05:16:33 841] ns         588  ns_sub =   iat  
[2023/06/29 05:16:33 842] ns         596  ns_host =   open.xf-yun.com  
[2023/06/29 05:16:33 843] ns         475  ns_host=  open.xf-yun.com  
[2023/06/29 05:16:33 844] ns         555  net_type =  standard  
[2023/06/29 05:16:33 849] ns         556  cmwapascmnet =  
[2023/06/29 05:16:33 850] ns         557  uniwapasuninet =  
[2023/06/29 05:16:33 850] ns         558  ctwapasctnet =  
[2023/06/29 05:16:33 851] ns         576  host=  hdns.xf-yun.com  
[2023/06/29 05:16:33 852] network    263  gethostbyname  hdns.xf-yun.com  ns1  
[2023/06/29 05:16:33 856] isr_1conn  2060 ASR_CLOUD_MSG_SSE  
[2023/06/29 05:16:33 860] isr_1conn  1276 isr_1conn session info  
[2023/06/29 05:16:33 889] isr_1conn  2203 session finished! ret =   10131  
